
✅ Zeabur API Server 執行中
📡 Port: 3001
🔗 URL: https://taiwan-landlord-test.zeabur.app/api
💾 Database: :Qyd36iUVa7s0O2c5XpDz9fGYZr814TxW@***
✨ API Routes:
   - /api/properties (GET, POST, PUT, DELETE)
   - /api/rooms (GET, POST, PUT, DELETE)
   - /api/checkin/complete (POST)
   - /api/checkout/complete (POST)
   - /api/payments (GET, POST)
   - /api/maintenance (GET, POST)
   - /api/history (GET)
   - /sync/all (GET)

📝 GET /api/properties
📝 GET /health
❌ 請求處理錯誤: TypeError: Cannot read properties of null (reading 'code')
    at errorResponse (/home/node/.openclaw/workspace/taiwan-landlord-vietnam-tenant-system/simple-api-fixed.js:40:19)
    at handleRequest (/home/node/.openclaw/workspace/taiwan-landlord-vietnam-tenant-system/simple-api-fixed.js:562:35)
    at Server.<anonymous> (/home/node/.openclaw/workspace/taiwan-landlord-vietnam-tenant-system/simple-api-fixed.js:571:5)
    at Server.emit (node:events:519:28)
    at parserOnIncoming (node:_http_server:1186:12)
    at HTTPParser.parserOnHeadersComplete (node:_http_common:122:17)
node:events:497
      throw er; // Unhandled 'error' event
      ^

Error: Connection terminated unexpectedly
    at Connection.<anonymous> (/home/node/.openclaw/workspace/node_modules/pg/lib/client.js:180:73)
    at Object.onceWrapper (node:events:633:28)
    at Connection.emit (node:events:519:28)
    at Socket.<anonymous> (/home/node/.openclaw/workspace/node_modules/pg/lib/connection.js:61:12)
    at Socket.emit (node:events:519:28)
    at TCP.<anonymous> (node:net:346:12)
Emitted 'error' event on Client instance at:
    at Client._handleErrorEvent (/home/node/.openclaw/workspace/node_modules/pg/lib/client.js:393:10)
    at Connection.<anonymous> (/home/node/.openclaw/workspace/node_modules/pg/lib/client.js:198:16)
    at Object.onceWrapper (node:events:633:28)
    at Connection.emit (node:events:519:28)
    at Socket.<anonymous> (/home/node/.openclaw/workspace/node_modules/pg/lib/connection.js:61:12)
    at Socket.emit (node:events:519:28)
    at TCP.<anonymous> (node:net:346:12)

Node.js v22.22.0
